2022-08-26T07:49:39.009Z - success: protocol editor-framework registered
2022-08-26T07:49:39.009Z - success: protocol app registered
2022-08-26T07:49:39.009Z - success: protocol theme registered
2022-08-26T07:49:39.009Z - success: protocol packages registered
2022-08-26T07:49:39.027Z - normal: Load ~/.CocosCreator/settings.json
2022-08-26T07:49:39.052Z - success: protocol uuid registerred
2022-08-26T07:49:39.052Z - success: protocol db registerred
2022-08-26T07:49:39.052Z - success: protocol thumbnail registerred
2022-08-26T07:49:39.141Z - normal: Initializing Asset Database
2022-08-26T07:49:39.145Z - normal: checking language setting...
2022-08-26T07:49:39.145Z - normal: Language: en
2022-08-26T07:49:39.148Z - success: protocol unpack registerred
2022-08-26T07:49:39.148Z - success: protocol disable-commonjs registerred
2022-08-26T07:49:41.428Z - normal: connected!
2022-08-26T07:49:42.600Z - normal: Check project /Users/macbook/Work/XD/sgame-client
2022-08-26T07:49:42.601Z - normal: Initializing project /Users/macbook/Work/XD/sgame-client
2022-08-26T07:49:42.858Z - success: adapters loaded
2022-08-26T07:49:42.861Z - success: asset-db-debugger loaded
2022-08-26T07:49:42.938Z - success: fb-audience-network loaded
2022-08-26T07:49:42.987Z - success: fb-live-stream loaded
2022-08-26T07:49:42.990Z - success: google-play-instant loaded
2022-08-26T07:49:42.990Z - success: jsb-adapter loaded
2022-08-26T07:49:42.994Z - success: package-manager loaded
2022-08-26T07:49:42.994Z - success: runtime-adapters loaded
2022-08-26T07:49:42.996Z - success: runtime-dev-tools loaded
2022-08-26T07:49:43.000Z - success: ui-kit-preview-extra loaded
2022-08-26T07:49:43.003Z - success: ui-kit-preview loaded
2022-08-26T07:49:43.926Z - success: alipay-minigame loaded
2022-08-26T07:49:43.935Z - success: assets loaded
2022-08-26T07:49:43.937Z - success: baidugame-opendata loaded
2022-08-26T07:49:43.939Z - success: baidugame loaded
2022-08-26T07:49:43.943Z - success: builder loaded
2022-08-26T07:49:43.947Z - success: bytedance-opendata loaded
2022-08-26T07:49:43.950Z - success: bytedance loaded
2022-08-26T07:49:43.954Z - success: channel-upload-tools loaded
2022-08-26T07:49:44.156Z - success: cloud-function loaded
2022-08-26T07:49:44.385Z - success: cocos-services loaded
2022-08-26T07:49:44.389Z - success: console loaded
2022-08-26T07:49:44.393Z - success: curve-editor loaded
2022-08-26T07:49:44.404Z - success: fb-instant-games loaded
2022-08-26T07:49:44.408Z - success: game-window loaded
2022-08-26T07:49:44.409Z - success: google-instant-games loaded
2022-08-26T07:49:44.415Z - success: hierarchy loaded
2022-08-26T07:49:44.418Z - success: huawei-agc loaded
2022-08-26T07:49:44.421Z - success: huawei-runtime loaded
2022-08-26T07:49:44.426Z - success: inspector loaded
2022-08-26T07:49:44.444Z - success: cpk-publish loaded
2022-08-26T07:49:44.445Z - success: keystore loaded
2022-08-26T07:49:44.468Z - success: link-sure-runtime loaded
2022-08-26T07:49:44.485Z - success: node-library loaded
2022-08-26T07:49:44.487Z - success: open-recent-items loaded
2022-08-26T07:49:44.492Z - success: oppo-runtime loaded
2022-08-26T07:49:44.495Z - success: package-asset loaded
2022-08-26T07:49:44.496Z - success: preferences loaded
2022-08-26T07:49:44.501Z - success: project-importer loaded
2022-08-26T07:49:44.506Z - success: project-settings loaded
2022-08-26T07:49:44.529Z - success: qtt-runtime loaded
2022-08-26T07:49:44.534Z - success: scene loaded
2022-08-26T07:49:44.536Z - success: simulator-debugger loaded
2022-08-26T07:49:44.537Z - success: sprite-editor loaded
2022-08-26T07:49:44.608Z - success: store loaded
2022-08-26T07:49:44.610Z - success: taobao-creativeapp loaded
2022-08-26T07:49:44.615Z - success: timeline loaded
2022-08-26T07:49:44.621Z - success: vivo-runtime loaded
2022-08-26T07:49:44.623Z - success: wechatgame-opendata loaded
2022-08-26T07:49:44.628Z - success: wechatgame loaded
2022-08-26T07:49:44.632Z - success: xiaomi-runtime loaded
2022-08-26T07:49:44.694Z - success: im-plugin loaded
2022-08-26T07:49:44.697Z - success: hot-update loaded
2022-08-26T07:49:44.698Z - success: preview server running at http://localhost:7456
2022-08-26T07:49:45.530Z - normal: Initializing Cocos2d
2022-08-26T07:49:45.845Z - normal: Initializing engine extends
2022-08-26T07:49:51.387Z - normal: Loading packages
2022-08-26T07:49:51.391Z - normal: Run Application
2022-08-26T07:49:55.857Z - info: Cocos Service load base data!
2022-08-26T07:49:56.523Z - success: cloud-function unloaded
2022-08-26T07:50:34.639Z - normal: Start building with options : {
  "title": "SGame68",
  "packageName": "org.cocos2d.demo",
  "startScene": "780a4e97-2a84-499a-b9aa-cf8699dd9288",
  "excludeScenes": [],
  "orientation": {
    "landscapeLeft": true,
    "landscapeRight": true,
    "portrait": false,
    "upsideDown": false
  },
  "webOrientation": "landscape",
  "inlineSpriteFrames": true,
  "inlineSpriteFrames_native": true,
  "mainCompressionType": "default",
  "mainIsRemote": false,
  "optimizeHotUpdate": false,
  "md5Cache": false,
  "encryptJs": false,
  "xxteaKey": "0ab63801-a5e2-4a",
  "zipCompressJs": true,
  "fb-instant-games": {},
  "android": {
    "REMOTE_SERVER_ROOT": "",
    "packageName": "koja.sgame68.me"
  },
  "ios": {
    "REMOTE_SERVER_ROOT": "",
    "packageName": "com.game.sgame68.vip",
    "ios_enable_jit": true
  },
  "mac": {
    "REMOTE_SERVER_ROOT": "",
    "height": 720,
    "packageName": "org.cocos2d.demo",
    "width": 1280
  },
  "win32": {
    "REMOTE_SERVER_ROOT": "",
    "height": 720,
    "width": 1280
  },
  "android-instant": {
    "REMOTE_SERVER_ROOT": "",
    "host": "",
    "packageName": "org.cocos2d.demo",
    "pathPattern": "",
    "recordPath": "",
    "scheme": "https",
    "skipRecord": false
  },
  "appBundle": false,
  "agreements": {},
  "platform": "ios",
  "actualPlatform": "ios",
  "template": "link",
  "buildPath": "/Users/macbook/Work/XD/sgame-client/build",
  "debug": false,
  "sourceMaps": false,
  "embedWebDebugger": false,
  "previewWidth": "1280",
  "previewHeight": "720",
  "useDebugKeystore": true,
  "apiLevel": "",
  "appABIs": [],
  "vsVersion": "auto",
  "buildScriptsOnly": false,
  "dest": "/Users/macbook/Work/XD/sgame-client/build/jsb-link",
  "separateEngineMode": false,
  "scenes": [
    "780a4e97-2a84-499a-b9aa-cf8699dd9288"
  ],
  "excludedModules": [
    "3D",
    "3D Primitive",
    "3D Physics/cannon.js",
    "3D Physics/Builtin",
    "3D Particle"
  ],
  "project": "/Users/macbook/Work/XD/sgame-client",
  "projectName": "SGame68",
  "debugBuildWorker": false
}
2022-08-26T07:50:34.832Z - normal: Building /Users/macbook/Work/XD/sgame-client
2022-08-26T07:50:34.832Z - normal: Destination /Users/macbook/Work/XD/sgame-client/build/jsb-link
2022-08-26T07:50:34.934Z - normal: Start spawn build-worker
2022-08-26T07:50:36.633Z - normal: Finish spawn build-worker
2022-08-26T07:50:36.633Z - normal: Delete /Users/macbook/Work/XD/sgame-client/build/jsb-link/assets/**/*,/Users/macbook/Work/XD/sgame-client/build/jsb-link/remote/**/*,/Users/macbook/Work/XD/sgame-client/build/jsb-link/src/**/*
